Arguments: 
  /usr/local/bin/node /usr/share/yarn/bin/yarn.js upgrade

PATH: 
  /home/linuxbrew/.linuxbrew/bin:/home/linuxbrew/.linuxbrew/sbin/:/home/dev/java/jdk-11.0.1/bin:/home/dev/bin:/home/dev/.local/bin:/usr/local/sbin:/usr/local/bin:/usr/sbin:/usr/bin:/sbin:/bin:/usr/games:/usr/local/games:/snap/bin:/home/dev/Android/Sdk/tools:/home/dev/Android/Sdk/tools/bin:/home/dev/Android/Sdk/platform-tools:/home/dev/ant/apache-ant-1.10.5/bin:/home/dev/Android/Sdk/tools:/home/dev/Android/Sdk/tools/bin:/home/dev/Android/Sdk/platform-tools

Yarn version: 
  1.16.0

Node version: 
  11.6.0

Platform: 
  linux x64

Trace: 
  Error: EACCES: permission denied, unlink '/home/dev/Dev/Projects/Personal/Modules/react-native-advance-draggable-view/node_modules/.yarn-integrity'

npm manifest: 
  {
    "name": "react-native-advance-draggable-view",
    "version": "1.0.11",
    "keywords": [
      "react-component",
      "react-native",
      "vertical draggable view",
      "ios",
      "android",
      "drag drop view",
      "drawer",
      "bottom drawer"
    ],
    "description": "DraggableView component for React Native. Base from DraggableDrawer",
    "main": "index.js",
    "repository": {
      "type": "git",
      "url": "git+https://github.com/Mr-Strike/react-native-advance-draggable-view.git"
    },
    "author": "mr-strike <brahamdev.npm@gmail.com>",
    "contributors": [
      {
        "name": "Dao Hoang Tien",
        "email": "daohoangtien@gmail.com",
        "url": "https://github.com/yaraht17",
        "website": "twinger.co"
      },
      {
        "name": "yaraht17",
        "email": "daohoangtien.ptit@gmail.com",
        "url": "https://github.com/yaraht17",
        "website": "twinger.co"
      }
    ],
    "license": "MIT",
    "bugs": {
      "url": "https://github.com/Mr-Strike/react-native-advance-draggable-view/issues"
    },
    "homepage": "https://github.com/Mr-Strike/react-native-advance-draggable-view#readme"
  }

yarn manifest: 
  No manifest

Lockfile: 
  # THIS IS AN AUTOGENERATED FILE. DO NOT EDIT THIS FILE DIRECTLY.
  # yarn lockfile v1
